<?xml version="1.0" encoding="UTF-8"?>
<coverage generated="1611934370">
  <project timestamp="1611934370">
    <package name="PinkCrab\Registerables">
      <file name="/shared/httpd/php/htdocs/pc_modules/Module__Registerables/src/Ajax.php">
        <class name="PinkCrab\Registerables\Ajax" namespace="PinkCrab\Registerables">
          <metrics complexity="45" methods="9" coveredmethods="2" conditionals="0" coveredconditionals="0" statements="82" coveredstatements="50" elements="91" coveredelements="52"/>
        </class>
        <line num="96" type="method" name="__construct" visibility="public" complexity="1" crap="1" count="6"/>
        <line num="97" type="stmt" count="6"/>
        <line num="98" type="stmt" count="6"/>
        <line num="99" type="stmt" count="6"/>
        <line num="120" type="method" name="conditional" visibility="public" complexity="1" crap="1" count="6"/>
        <line num="121" type="stmt" count="6"/>
        <line num="138" type="method" name="validate" visibility="protected" complexity="5" crap="5.03" count="2"/>
        <line num="140" type="stmt" count="2"/>
        <line num="142" type="stmt" count="2"/>
        <line num="143" type="stmt" count="2"/>
        <line num="144" type="stmt" count="1"/>
        <line num="145" type="stmt" count="2"/>
        <line num="148" type="stmt" count="2"/>
        <line num="149" type="stmt" count="1"/>
        <line num="152" type="stmt" count="1"/>
        <line num="155" type="stmt" count="0"/>
        <line num="164" type="method" name="extract_request_params" visibility="protected" complexity="4" crap="4.59" count="3"/>
        <line num="165" type="stmt" count="3"/>
        <line num="166" type="stmt" count="3"/>
        <line num="168" type="stmt" count="0"/>
        <line num="169" type="stmt" count="0"/>
        <line num="171" type="stmt" count="0"/>
        <line num="173" type="stmt" count="0"/>
        <line num="174" type="stmt" count="3"/>
        <line num="175" type="stmt" count="2"/>
        <line num="176" type="stmt" count="2"/>
        <line num="178" type="stmt" count="1"/>
        <line num="179" type="stmt" count="1"/>
        <line num="181" type="stmt" count="3"/>
        <line num="189" type="method" name="register" visibility="public" complexity="11" crap="36.18" count="6"/>
        <line num="192" type="stmt" count="6"/>
        <line num="195" type="stmt" count="6"/>
        <line num="196" type="stmt" count="1"/>
        <line num="200" type="stmt" count="6"/>
        <line num="201" type="stmt" count="6"/>
        <line num="202" type="stmt" count="6"/>
        <line num="203" type="stmt" count="6"/>
        <line num="204" type="stmt" count="6"/>
        <line num="208" type="stmt" count="6"/>
        <line num="210" type="stmt" count="0"/>
        <line num="212" type="stmt" count="0"/>
        <line num="213" type="stmt" count="0"/>
        <line num="214" type="stmt" count="0"/>
        <line num="215" type="stmt" count="0"/>
        <line num="217" type="stmt" count="0"/>
        <line num="218" type="stmt" count="0"/>
        <line num="221" type="stmt" count="0"/>
        <line num="225" type="stmt" count="0"/>
        <line num="227" type="stmt" count="0"/>
        <line num="228" type="stmt" count="0"/>
        <line num="229" type="stmt" count="0"/>
        <line num="230" type="stmt" count="0"/>
        <line num="232" type="stmt" count="0"/>
        <line num="233" type="stmt" count="0"/>
        <line num="236" type="stmt" count="0"/>
        <line num="240" type="stmt" count="6"/>
        <line num="241" type="stmt" count="6"/>
        <line num="250" type="method" name="entry" visibility="public" complexity="3" crap="3.02" count="1"/>
        <line num="253" type="stmt" count="1"/>
        <line num="256" type="stmt" count="1"/>
        <line num="257" type="stmt" count="0"/>
        <line num="259" type="stmt" count="1"/>
        <line num="260" type="stmt" count="1"/>
        <line num="261" type="stmt" count="1"/>
        <line num="265" type="stmt" count="1"/>
        <line num="266" type="stmt" count="1"/>
        <line num="287" type="method" name="nonce_field" visibility="public" complexity="5" crap="30.00" count="0"/>
        <line num="290" type="stmt" count="0"/>
        <line num="293" type="stmt" count="0"/>
        <line num="294" type="stmt" count="0"/>
        <line num="295" type="stmt" count="0"/>
        <line num="296" type="stmt" count="0"/>
        <line num="298" type="stmt" count="0"/>
        <line num="299" type="stmt" count="0"/>
        <line num="301" type="stmt" count="0"/>
        <line num="308" type="method" name="nonce_value" visibility="public" complexity="5" crap="5.07" count="1"/>
        <line num="311" type="stmt" count="1"/>
        <line num="314" type="stmt" count="1"/>
        <line num="315" type="stmt" count="1"/>
        <line num="316" type="stmt" count="1"/>
        <line num="317" type="stmt" count="1"/>
        <line num="318" type="stmt" count="0"/>
        <line num="321" type="stmt" count="1"/>
        <line num="330" type="method" name="action" visibility="public" complexity="5" crap="5.07" count="1"/>
        <line num="333" type="stmt" count="1"/>
        <line num="336" type="stmt" count="1"/>
        <line num="337" type="stmt" count="1"/>
        <line num="338" type="stmt" count="1"/>
        <line num="339" type="stmt" count="1"/>
        <line num="340" type="stmt" count="0"/>
        <line num="343" type="stmt" count="1"/>
        <metrics loc="345" ncloc="176" classes="1" methods="9" coveredmethods="2" conditionals="0" coveredconditionals="0" statements="82" coveredstatements="50" elements="91" coveredelements="52"/>
      </file>
      <file name="/shared/httpd/php/htdocs/pc_modules/Module__Registerables/src/MetaBox.php">
        <class name="PinkCrab\Registerables\MetaBox" namespace="PinkCrab\Registerables">
          <metrics complexity="17" methods="11" coveredmethods="0" conditionals="0" coveredconditionals="0" statements="44" coveredstatements="0" elements="55" coveredelements="0"/>
        </class>
        <line num="92" type="method" name="__construct" visibility="public" complexity="1" crap="2.00" count="0"/>
        <line num="93" type="stmt" count="0"/>
        <line num="94" type="stmt" count="0"/>
        <line num="101" type="method" name="set_screen" visibility="private" complexity="4" crap="20.00" count="0"/>
        <line num="102" type="stmt" count="0"/>
        <line num="103" type="stmt" count="0"/>
        <line num="104" type="stmt" count="0"/>
        <line num="105" type="stmt" count="0"/>
        <line num="108" type="stmt" count="0"/>
        <line num="116" type="method" name="normal" visibility="public" complexity="1" crap="2.00" count="0"/>
        <line num="117" type="stmt" count="0"/>
        <line num="118" type="stmt" count="0"/>
        <line num="119" type="stmt" count="0"/>
        <line num="120" type="stmt" count="0"/>
        <line num="129" type="method" name="side" visibility="public" complexity="1" crap="2.00" count="0"/>
        <line num="130" type="stmt" count="0"/>
        <line num="131" type="stmt" count="0"/>
        <line num="132" type="stmt" count="0"/>
        <line num="141" type="method" name="label" visibility="public" complexity="1" crap="2.00" count="0"/>
        <line num="142" type="stmt" count="0"/>
        <line num="143" type="stmt" count="0"/>
        <line num="152" type="method" name="screen" visibility="public" complexity="1" crap="2.00" count="0"/>
        <line num="153" type="stmt" count="0"/>
        <line num="154" type="stmt" count="0"/>
        <line num="163" type="method" name="view_vars" visibility="public" complexity="1" crap="2.00" count="0"/>
        <line num="164" type="stmt" count="0"/>
        <line num="165" type="stmt" count="0"/>
        <line num="175" type="method" name="view" visibility="public" complexity="1" crap="2.00" count="0"/>
        <line num="176" type="stmt" count="0"/>
        <line num="177" type="stmt" count="0"/>
        <line num="187" type="method" name="add_action" visibility="public" complexity="1" crap="2.00" count="0"/>
        <line num="188" type="stmt" count="0"/>
        <line num="190" type="stmt" count="0"/>
        <line num="191" type="stmt" count="0"/>
        <line num="192" type="stmt" count="0"/>
        <line num="194" type="stmt" count="0"/>
        <line num="203" type="method" name="register" visibility="public" complexity="3" crap="12.00" count="0"/>
        <line num="206" type="stmt" count="0"/>
        <line num="207" type="stmt" count="0"/>
        <line num="209" type="stmt" count="0"/>
        <line num="210" type="stmt" count="0"/>
        <line num="211" type="stmt" count="0"/>
        <line num="212" type="stmt" count="0"/>
        <line num="213" type="stmt" count="0"/>
        <line num="214" type="stmt" count="0"/>
        <line num="215" type="stmt" count="0"/>
        <line num="216" type="stmt" count="0"/>
        <line num="218" type="stmt" count="0"/>
        <line num="222" type="stmt" count="0"/>
        <line num="223" type="stmt" count="0"/>
        <line num="224" type="stmt" count="0"/>
        <line num="227" type="stmt" count="0"/>
        <line num="235" type="method" name="is_active" visibility="protected" complexity="2" crap="6.00" count="0"/>
        <line num="236" type="stmt" count="0"/>
        <line num="237" type="stmt" count="0"/>
        <metrics loc="240" ncloc="112" classes="1" methods="11" coveredmethods="0" conditionals="0" coveredconditionals="0" statements="44" coveredstatements="0" elements="55" coveredelements="0"/>
      </file>
      <file name="/shared/httpd/php/htdocs/pc_modules/Module__Registerables/src/Post_Type.php">
        <class name="PinkCrab\Registerables\Post_Type" namespace="PinkCrab\Registerables" fullPackage="Post">
          <metrics complexity="33" methods="8" coveredmethods="0" conditionals="0" coveredconditionals="0" statements="56" coveredstatements="0" elements="64" coveredelements="0"/>
        </class>
        <line num="198" type="method" name="__construct" visibility="public" complexity="2" crap="6.00" count="0"/>
        <line num="200" type="stmt" count="0"/>
        <line num="201" type="stmt" count="0"/>
        <line num="202" type="stmt" count="0"/>
        <line num="208" type="stmt" count="0"/>
        <line num="223" type="method" name="validate" visibility="private" complexity="4" crap="20.00" count="0"/>
        <line num="224" type="stmt" count="0"/>
        <line num="225" type="stmt" count="0"/>
        <line num="227" type="stmt" count="0"/>
        <line num="228" type="stmt" count="0"/>
        <line num="230" type="stmt" count="0"/>
        <line num="231" type="stmt" count="0"/>
        <line num="233" type="stmt" count="0"/>
        <line num="241" type="method" name="register" visibility="public" complexity="18" crap="342.00" count="0"/>
        <line num="244" type="stmt" count="0"/>
        <line num="247" type="stmt" count="0"/>
        <line num="248" type="stmt" count="0"/>
        <line num="249" type="stmt" count="0"/>
        <line num="250" type="stmt" count="0"/>
        <line num="251" type="stmt" count="0"/>
        <line num="252" type="stmt" count="0"/>
        <line num="253" type="stmt" count="0"/>
        <line num="254" type="stmt" count="0"/>
        <line num="255" type="stmt" count="0"/>
        <line num="256" type="stmt" count="0"/>
        <line num="257" type="stmt" count="0"/>
        <line num="258" type="stmt" count="0"/>
        <line num="262" type="stmt" count="0"/>
        <line num="263" type="stmt" count="0"/>
        <line num="264" type="stmt" count="0"/>
        <line num="265" type="stmt" count="0"/>
        <line num="266" type="stmt" count="0"/>
        <line num="267" type="stmt" count="0"/>
        <line num="268" type="stmt" count="0"/>
        <line num="269" type="stmt" count="0"/>
        <line num="270" type="stmt" count="0"/>
        <line num="271" type="stmt" count="0"/>
        <line num="272" type="stmt" count="0"/>
        <line num="273" type="stmt" count="0"/>
        <line num="274" type="stmt" count="0"/>
        <line num="275" type="stmt" count="0"/>
        <line num="276" type="stmt" count="0"/>
        <line num="277" type="stmt" count="0"/>
        <line num="278" type="stmt" count="0"/>
        <line num="279" type="stmt" count="0"/>
        <line num="281" type="stmt" count="0"/>
        <line num="284" type="stmt" count="0"/>
        <line num="285" type="stmt" count="0"/>
        <line num="286" type="stmt" count="0"/>
        <line num="289" type="stmt" count="0"/>
        <line num="296" type="method" name="slug" visibility="public" complexity="2" crap="6.00" count="0"/>
        <line num="297" type="stmt" count="0"/>
        <line num="306" type="method" name="filter_labels" visibility="public" complexity="1" crap="2.00" count="0"/>
        <line num="307" type="stmt" count="0"/>
        <line num="316" type="method" name="filter_args" visibility="private" complexity="1" crap="2.00" count="0"/>
        <line num="317" type="stmt" count="0"/>
        <line num="325" type="method" name="get_slug" visibility="public" complexity="2" crap="6.00" count="0"/>
        <line num="326" type="stmt" count="0"/>
        <line num="327" type="stmt" count="0"/>
        <line num="336" type="method" name="register_metaboxes" visibility="private" complexity="2" crap="6.00" count="0"/>
        <line num="337" type="stmt" count="0"/>
        <line num="338" type="stmt" count="0"/>
        <line num="339" type="stmt" count="0"/>
        <line num="341" type="stmt" count="0"/>
        <metrics loc="343" ncloc="137" classes="1" methods="8" coveredmethods="0" conditionals="0" coveredconditionals="0" statements="56" coveredstatements="0" elements="64" coveredelements="0"/>
      </file>
      <file name="/shared/httpd/php/htdocs/pc_modules/Module__Registerables/src/Taxonomy.php">
        <class name="PinkCrab\Registerables\Taxonomy" namespace="PinkCrab\Registerables">
          <metrics complexity="18" methods="8" coveredmethods="0" conditionals="0" coveredconditionals="0" statements="73" coveredstatements="0" elements="81" coveredelements="0"/>
        </class>
        <line num="218" type="method" name="set_up" visibility="public" complexity="1" crap="2.00" count="0"/>
        <line num="219" type="stmt" count="0"/>
        <line num="226" type="method" name="hierarchical_labels" visibility="protected" complexity="1" crap="2.00" count="0"/>
        <line num="228" type="stmt" count="0"/>
        <line num="229" type="stmt" count="0"/>
        <line num="230" type="stmt" count="0"/>
        <line num="231" type="stmt" count="0"/>
        <line num="232" type="stmt" count="0"/>
        <line num="233" type="stmt" count="0"/>
        <line num="234" type="stmt" count="0"/>
        <line num="235" type="stmt" count="0"/>
        <line num="236" type="stmt" count="0"/>
        <line num="237" type="stmt" count="0"/>
        <line num="238" type="stmt" count="0"/>
        <line num="239" type="stmt" count="0"/>
        <line num="240" type="stmt" count="0"/>
        <line num="241" type="stmt" count="0"/>
        <line num="250" type="method" name="flat_labels" visibility="protected" complexity="1" crap="2.00" count="0"/>
        <line num="252" type="stmt" count="0"/>
        <line num="253" type="stmt" count="0"/>
        <line num="254" type="stmt" count="0"/>
        <line num="255" type="stmt" count="0"/>
        <line num="256" type="stmt" count="0"/>
        <line num="257" type="stmt" count="0"/>
        <line num="260" type="stmt" count="0"/>
        <line num="261" type="stmt" count="0"/>
        <line num="262" type="stmt" count="0"/>
        <line num="263" type="stmt" count="0"/>
        <line num="264" type="stmt" count="0"/>
        <line num="265" type="stmt" count="0"/>
        <line num="266" type="stmt" count="0"/>
        <line num="267" type="stmt" count="0"/>
        <line num="268" type="stmt" count="0"/>
        <line num="269" type="stmt" count="0"/>
        <line num="270" type="stmt" count="0"/>
        <line num="281" type="method" name="register" visibility="public" complexity="2" crap="6.00" count="0"/>
        <line num="284" type="stmt" count="0"/>
        <line num="287" type="stmt" count="0"/>
        <line num="288" type="stmt" count="0"/>
        <line num="289" type="stmt" count="0"/>
        <line num="290" type="stmt" count="0"/>
        <line num="291" type="stmt" count="0"/>
        <line num="292" type="stmt" count="0"/>
        <line num="293" type="stmt" count="0"/>
        <line num="294" type="stmt" count="0"/>
        <line num="295" type="stmt" count="0"/>
        <line num="296" type="stmt" count="0"/>
        <line num="297" type="stmt" count="0"/>
        <line num="298" type="stmt" count="0"/>
        <line num="299" type="stmt" count="0"/>
        <line num="300" type="stmt" count="0"/>
        <line num="301" type="stmt" count="0"/>
        <line num="302" type="stmt" count="0"/>
        <line num="306" type="stmt" count="0"/>
        <line num="307" type="stmt" count="0"/>
        <line num="310" type="stmt" count="0"/>
        <line num="311" type="stmt" count="0"/>
        <line num="312" type="stmt" count="0"/>
        <line num="320" type="method" name="filter_args" visibility="public" complexity="1" crap="2.00" count="0"/>
        <line num="321" type="stmt" count="0"/>
        <line num="330" type="method" name="optional_args" visibility="protected" complexity="6" crap="42.00" count="0"/>
        <line num="331" type="stmt" count="0"/>
        <line num="332" type="stmt" count="0"/>
        <line num="334" type="stmt" count="0"/>
        <line num="335" type="stmt" count="0"/>
        <line num="337" type="stmt" count="0"/>
        <line num="338" type="stmt" count="0"/>
        <line num="340" type="stmt" count="0"/>
        <line num="341" type="stmt" count="0"/>
        <line num="344" type="stmt" count="0"/>
        <line num="353" type="method" name="validate" visibility="protected" complexity="4" crap="20.00" count="0"/>
        <line num="354" type="stmt" count="0"/>
        <line num="355" type="stmt" count="0"/>
        <line num="357" type="stmt" count="0"/>
        <line num="358" type="stmt" count="0"/>
        <line num="360" type="stmt" count="0"/>
        <line num="361" type="stmt" count="0"/>
        <line num="363" type="stmt" count="0"/>
        <line num="370" type="method" name="get_slug" visibility="public" complexity="2" crap="6.00" count="0"/>
        <line num="371" type="stmt" count="0"/>
        <line num="372" type="stmt" count="0"/>
        <metrics loc="375" ncloc="175" classes="1" methods="8" coveredmethods="0" conditionals="0" coveredconditionals="0" statements="73" coveredstatements="0" elements="81" coveredelements="0"/>
      </file>
    </package>
    <metrics files="4" loc="1303" ncloc="600" classes="4" methods="36" coveredmethods="2" conditionals="0" coveredconditionals="0" statements="255" coveredstatements="50" elements="291" coveredelements="52"/>
  </project>
</coverage>
